<?xml version="1.0" encoding="UTF-8"?>
<!-- Generated by org.testng.reporters.JUnitReportReporter -->
<testsuite hostname="hugo-pc" failures="0" tests="2" name="Lecture9.Lecture9_1Test" time="0.047" errors="0" timestamp="2022-10-17T20:57:25 MSK" skipped="0">
  <testcase classname="Lecture9.Lecture9_1Test" name="test2" time="0.015"/>
  <system-out/>
  <testcase classname="Lecture9.Lecture9_1Test" name="test1" time="0.032"/>
  <system-out>
    <![CDATA[Hello i am @Test 1]]>
  </system-out>
</testsuite> <!-- Lecture9.Lecture9_1Test -->
