<?xml version="1.0" encoding="UTF-8"?>
<!-- Generated by org.testng.reporters.JUnitReportReporter -->
<testsuite hostname="hugo-pc" failures="0" tests="4" name="Lecture9.Lecture9_3Test" time="9.552" errors="0" timestamp="2022-10-17T20:57:25 MSK" skipped="0">
  <testcase classname="Lecture9.Lecture9_3Test" name="login" time="1.529"/>
  <system-out/>
  <testcase classname="Lecture9.Lecture9_3Test" name="login" time="6.135"/>
  <system-out/>
  <testcase classname="Lecture9.Lecture9_3Test" name="login" time="0.779"/>
  <system-out/>
  <testcase classname="Lecture9.Lecture9_3Test" name="login" time="1.109"/>
  <system-out/>
</testsuite> <!-- Lecture9.Lecture9_3Test -->
